<?xml version="1.0" encoding="UTF-8"?>
<!-- Generated by org.testng.reporters.JUnitXMLReporter -->
<testsuite ignored="0" hostname="DESKTOP-G6R77JR" failures="0" tests="14" name="Test" time="317.546" errors="0" timestamp="2022-09-05T20:25:37 IST">
  <testcase classname="TestScript.HomePageTest" name="verifyClickOnSignBtn" time="3.271"/>
  <testcase classname="TestScript.HomePageTest" name="verifyClickOnTshirtMenu" time="2.474"/>
  <testcase classname="TestScript.PersonalInformationPageTest" name="verifyPersonalInformationPage" time="9.702"/>
  <testcase classname="TestScript.LoginPageTest" name="verifyCreateAccount" time="4.624"/>
  <testcase classname="TestScript.LoginPageTest" name="verifyLoginPage" time="4.697"/>
  <testcase classname="TestScript.CatalogPageTest" name="verifyClickOnTshirt" time="6.459"/>
  <testcase classname="TestScript.CatalogPageTest" name="verifyClickOnAddToCartBtn" time="9.302"/>
  <testcase classname="TestScript.CatalogPageTest" name="verifyProceedToCheckOutBtn" time="10.008"/>
  <testcase classname="TestScript.ShippingCartSummaryPageTest" name="verifyProceedToCheckOut" time="12.926"/>
  <testcase classname="TestScript.SignInPageTest" name="verifySignInPageTest" time="14.42"/>
  <testcase classname="TestScript.AddressPageTest" name="verifyAddressPage" time="20.903"/>
  <testcase classname="TestScript.ShippingPageTest" name="verifyShippingPage" time="22.36"/>
  <testcase classname="TestScript.PaymentPageTest" name="verifypaymentPage" time="25.713"/>
  <testcase classname="TestScript.OrderSummaryPageTest" name="verifyOrderSummaryPage" time="46.01"/>
</testsuite> <!-- Test -->
